<?xml version="1.0" encoding="UTF-8"?>
<testsuite xmlns:xsi="http://www.w3.org/2001/XMLSchema-instance" xsi:noNamespaceSchemaLocation="https://maven.apache.org/surefire/maven-surefire-plugin/xsd/surefire-test-report.xsd" name="services.RunTest" time="5.782" tests="1" errors="0" skipped="0" failures="0">
  <properties>
    <property name="sun.desktop" value="windows"/>
    <property name="awt.toolkit" value="sun.awt.windows.WToolkit"/>
    <property name="java.specification.version" value="11"/>
    <property name="sun.cpu.isalist" value="amd64"/>
    <property name="sun.jnu.encoding" value="Cp1252"/>
    <property name="java.class.path" value="C:\Users\Alexandre Santos\Desktop\Nova pasta\desafio-api\target\test-classes;C:\Users\Alexandre Santos\Desktop\Nova pasta\desafio-api\target\classes;C:\Users\Alexandre Santos\.m2\repository\com\intuit\karate\karate-apache\0.9.6\karate-apache-0.9.6.jar;C:\Users\Alexandre Santos\.m2\repository\org\apache\httpcomponents\httpclient\4.5.12\httpclient-4.5.12.jar;C:\Users\Alexandre Santos\.m2\repository\org\apache\httpcomponents\httpcore\4.4.13\httpcore-4.4.13.jar;C:\Users\Alexandre Santos\.m2\repository\commons-codec\commons-codec\1.11\commons-codec-1.11.jar;C:\Users\Alexandre Santos\.m2\repository\org\apache\httpcomponents\httpmime\4.5.12\httpmime-4.5.12.jar;C:\Users\Alexandre Santos\.m2\repository\org\slf4j\jcl-over-slf4j\1.7.25\jcl-over-slf4j-1.7.25.jar;C:\Users\Alexandre Santos\.m2\repository\org\slf4j\slf4j-api\1.7.25\slf4j-api-1.7.25.jar;C:\Users\Alexandre Santos\.m2\repository\ch\qos\logback\logback-classic\1.2.3\logback-classic-1.2.3.jar;C:\Users\Alexandre Santos\.m2\repository\ch\qos\logback\logback-core\1.2.3\logback-core-1.2.3.jar;C:\Users\Alexandre Santos\.m2\repository\com\intuit\karate\karate-junit5\0.9.6\karate-junit5-0.9.6.jar;C:\Users\Alexandre Santos\.m2\repository\org\junit\jupiter\junit-jupiter-api\5.5.0\junit-jupiter-api-5.5.0.jar;C:\Users\Alexandre Santos\.m2\repository\org\apiguardian\apiguardian-api\1.1.0\apiguardian-api-1.1.0.jar;C:\Users\Alexandre Santos\.m2\repository\org\opentest4j\opentest4j\1.2.0\opentest4j-1.2.0.jar;C:\Users\Alexandre Santos\.m2\repository\org\junit\platform\junit-platform-commons\1.5.0\junit-platform-commons-1.5.0.jar;C:\Users\Alexandre Santos\.m2\repository\org\junit\jupiter\junit-jupiter-engine\5.5.0\junit-jupiter-engine-5.5.0.jar;C:\Users\Alexandre Santos\.m2\repository\org\junit\platform\junit-platform-engine\1.5.0\junit-platform-engine-1.5.0.jar;C:\Users\Alexandre Santos\.m2\repository\com\github\javafaker\javafaker\1.0.2\javafaker-1.0.2.jar;C:\Users\Alexandre Santos\.m2\repository\org\apache\commons\commons-lang3\3.5\commons-lang3-3.5.jar;C:\Users\Alexandre Santos\.m2\repository\org\yaml\snakeyaml\1.23\snakeyaml-1.23-android.jar;C:\Users\Alexandre Santos\.m2\repository\com\github\mifmif\generex\1.0.2\generex-1.0.2.jar;C:\Users\Alexandre Santos\.m2\repository\dk\brics\automaton\automaton\1.11-8\automaton-1.11-8.jar;C:\Users\Alexandre Santos\.m2\repository\net\masterthought\cucumber-reporting\5.5.2\cucumber-reporting-5.5.2.jar;C:\Users\Alexandre Santos\.m2\repository\com\fasterxml\jackson\core\jackson-databind\2.12.1\jackson-databind-2.12.1.jar;C:\Users\Alexandre Santos\.m2\repository\com\fasterxml\jackson\core\jackson-annotations\2.12.1\jackson-annotations-2.12.1.jar;C:\Users\Alexandre Santos\.m2\repository\com\fasterxml\jackson\core\jackson-core\2.12.1\jackson-core-2.12.1.jar;C:\Users\Alexandre Santos\.m2\repository\com\fasterxml\jackson\datatype\jackson-datatype-jsr310\2.12.1\jackson-datatype-jsr310-2.12.1.jar;C:\Users\Alexandre Santos\.m2\repository\org\apache\velocity\velocity-engine-core\2.2\velocity-engine-core-2.2.jar;C:\Users\Alexandre Santos\.m2\repository\commons-collections\commons-collections\3.2.2\commons-collections-3.2.2.jar;C:\Users\Alexandre Santos\.m2\repository\joda-time\joda-time\2.10.9\joda-time-2.10.9.jar;C:\Users\Alexandre Santos\.m2\repository\commons-io\commons-io\2.6\commons-io-2.6.jar;C:\Users\Alexandre Santos\.m2\repository\org\codehaus\plexus\plexus-utils\3.3.0\plexus-utils-3.3.0.jar;C:\Users\Alexandre Santos\.m2\repository\org\jsoup\jsoup\1.13.1\jsoup-1.13.1.jar;C:\Users\Alexandre Santos\.m2\repository\com\googlecode\owasp-java-html-sanitizer\owasp-java-html-sanitizer\20200713.1\owasp-java-html-sanitizer-20200713.1.jar;C:\Users\Alexandre Santos\.m2\repository\com\google\guava\guava\27.1-jre\guava-27.1-jre.jar;C:\Users\Alexandre Santos\.m2\repository\com\google\guava\failureaccess\1.0.1\failureaccess-1.0.1.jar;C:\Users\Alexandre Santos\.m2\repository\com\google\guava\listenablefuture\9999.0-empty-to-avoid-conflict-with-guava\listenablefuture-9999.0-empty-to-avoid-conflict-with-guava.jar;C:\Users\Alexandre Santos\.m2\repository\com\google\code\findbugs\jsr305\3.0.2\jsr305-3.0.2.jar;C:\Users\Alexandre Santos\.m2\repository\org\checkerframework\checker-qual\2.5.2\checker-qual-2.5.2.jar;C:\Users\Alexandre Santos\.m2\repository\com\google\errorprone\error_prone_annotations\2.2.0\error_prone_annotations-2.2.0.jar;C:\Users\Alexandre Santos\.m2\repository\com\google\j2objc\j2objc-annotations\1.1\j2objc-annotations-1.1.jar;C:\Users\Alexandre Santos\.m2\repository\org\codehaus\mojo\animal-sniffer-annotations\1.17\animal-sniffer-annotations-1.17.jar;C:\Users\Alexandre Santos\.m2\repository\commons-configuration\commons-configuration\1.10\commons-configuration-1.10.jar;C:\Users\Alexandre Santos\.m2\repository\commons-lang\commons-lang\2.6\commons-lang-2.6.jar;C:\Users\Alexandre Santos\.m2\repository\commons-logging\commons-logging\1.1.1\commons-logging-1.1.1.jar;C:\Users\Alexandre Santos\.m2\repository\com\intuit\karate\karate-gatling\0.9.6\karate-gatling-0.9.6.jar;C:\Users\Alexandre Santos\.m2\repository\io\gatling\highcharts\gatling-charts-highcharts\3.0.2\gatling-charts-highcharts-3.0.2.jar;C:\Users\Alexandre Santos\.m2\repository\org\scala-lang\scala-library\2.12.8\scala-library-2.12.8.jar;C:\Users\Alexandre Santos\.m2\repository\io\gatling\gatling-charts\3.0.2\gatling-charts-3.0.2.jar;C:\Users\Alexandre Santos\.m2\repository\io\gatling\gatling-core\3.0.2\gatling-core-3.0.2.jar;C:\Users\Alexandre Santos\.m2\repository\com\typesafe\akka\akka-slf4j_2.12\2.5.19\akka-slf4j_2.12-2.5.19.jar;C:\Users\Alexandre Santos\.m2\repository\org\simpleflatmapper\lightning-csv\6.0.13\lightning-csv-6.0.13.jar;C:\Users\Alexandre Santos\.m2\repository\org\simpleflatmapper\sfm-util\6.0.13\sfm-util-6.0.13-jdk9.jar;C:\Users\Alexandre Santos\.m2\repository\org\simpleflatmapper\sfm-util\6.0.13\sfm-util-6.0.13.jar;C:\Users\Alexandre Santos\.m2\repository\com\github\ben-manes\caffeine\caffeine\2.6.2\caffeine-2.6.2.jar;C:\Users\Alexandre Santos\.m2\repository\io\pebbletemplates\pebble\3.0.6\pebble-3.0.6.jar;C:\Users\Alexandre Santos\.m2\repository\org\unbescape\unbescape\1.1.6.RELEASE\unbescape-1.1.6.RELEASE.jar;C:\Users\Alexandre Santos\.m2\repository\org\scala-lang\modules\scala-parser-combinators_2.12\1.1.1\scala-parser-combinators_2.12-1.1.1.jar;C:\Users\Alexandre Santos\.m2\repository\com\github\scopt\scopt_2.12\3.7.1\scopt_2.12-3.7.1.jar;C:\Users\Alexandre Santos\.m2\repository\io\gatling\jsonpath_2.12\0.6.14\jsonpath_2.12-0.6.14.jar;C:\Users\Alexandre Santos\.m2\repository\org\jodd\jodd-json\5.0.6\jodd-json-5.0.6.jar;C:\Users\Alexandre Santos\.m2\repository\org\jodd\jodd-bean\5.0.6\jodd-bean-5.0.6.jar;C:\Users\Alexandre Santos\.m2\repository\org\jodd\jodd-core\5.0.6\jodd-core-5.0.6.jar;C:\Users\Alexandre Santos\.m2\repository\net\sf\saxon\Saxon-HE\9.9.0-2\Saxon-HE-9.9.0-2.jar;C:\Users\Alexandre Santos\.m2\repository\org\jodd\jodd-lagarto\5.0.6\jodd-lagarto-5.0.6.jar;C:\Users\Alexandre Santos\.m2\repository\org\jodd\jodd-log\5.0.6\jodd-log-5.0.6.jar;C:\Users\Alexandre Santos\.m2\repository\com\tdunning\t-digest\3.1\t-digest-3.1.jar;C:\Users\Alexandre Santos\.m2\repository\io\gatling\gatling-app\3.0.2\gatling-app-3.0.2.jar;C:\Users\Alexandre Santos\.m2\repository\io\gatling\gatling-http\3.0.2\gatling-http-3.0.2.jar;C:\Users\Alexandre Santos\.m2\repository\org\scala-lang\modules\scala-xml_2.12\1.1.1\scala-xml_2.12-1.1.1.jar;C:\Users\Alexandre Santos\.m2\repository\io\gatling\gatling-jms\3.0.2\gatling-jms-3.0.2.jar;C:\Users\Alexandre Santos\.m2\repository\org\apache\geronimo\specs\geronimo-jms_1.1_spec\1.1.1\geronimo-jms_1.1_spec-1.1.1.jar;C:\Users\Alexandre Santos\.m2\repository\io\gatling\gatling-jdbc\3.0.2\gatling-jdbc-3.0.2.jar;C:\Users\Alexandre Santos\.m2\repository\io\gatling\gatling-redis\3.0.2\gatling-redis-3.0.2.jar;C:\Users\Alexandre Santos\.m2\repository\net\debasishg\redisclient_2.12\3.7\redisclient_2.12-3.7.jar;C:\Users\Alexandre Santos\.m2\repository\commons-pool\commons-pool\1.6\commons-pool-1.6.jar;C:\Users\Alexandre Santos\.m2\repository\io\gatling\gatling-graphite\3.0.2\gatling-graphite-3.0.2.jar;C:\Users\Alexandre Santos\.m2\repository\org\hdrhistogram\HdrHistogram\2.1.10\HdrHistogram-2.1.10.jar;C:\Users\Alexandre Santos\.m2\repository\io\gatling\gatling-recorder\3.0.2\gatling-recorder-3.0.2.jar;C:\Users\Alexandre Santos\.m2\repository\org\scala-lang\modules\scala-swing_2.12\2.0.3\scala-swing_2.12-2.0.3.jar;C:\Users\Alexandre Santos\.m2\repository\org\json4s\json4s-jackson_2.12\3.6.2\json4s-jackson_2.12-3.6.2.jar;C:\Users\Alexandre Santos\.m2\repository\org\json4s\json4s-core_2.12\3.6.2\json4s-core_2.12-3.6.2.jar;C:\Users\Alexandre Santos\.m2\repository\org\json4s\json4s-ast_2.12\3.6.2\json4s-ast_2.12-3.6.2.jar;C:\Users\Alexandre Santos\.m2\repository\org\json4s\json4s-scalap_2.12\3.6.2\json4s-scalap_2.12-3.6.2.jar;C:\Users\Alexandre Santos\.m2\repository\com\thoughtworks\paranamer\paranamer\2.8\paranamer-2.8.jar;C:\Users\Alexandre Santos\.m2\repository\org\bouncycastle\bcpkix-jdk15on\1.60\bcpkix-jdk15on-1.60.jar;C:\Users\Alexandre Santos\.m2\repository\org\bouncycastle\bcprov-jdk15on\1.60\bcprov-jdk15on-1.60.jar;C:\Users\Alexandre Santos\.m2\repository\io\netty\netty-codec-http\4.1.32.Final\netty-codec-http-4.1.32.Final.jar;C:\Users\Alexandre Santos\.m2\repository\io\netty\netty-codec\4.1.32.Final\netty-codec-4.1.32.Final.jar;C:\Users\Alexandre Santos\.m2\repository\com\typesafe\akka\akka-actor_2.12\2.5.19\akka-actor_2.12-2.5.19.jar;C:\Users\Alexandre Santos\.m2\repository\io\gatling\gatling-http-client\3.0.2\gatling-http-client-3.0.2.jar;C:\Users\Alexandre Santos\.m2\repository\io\gatling\gatling-netty-util\3.0.2\gatling-netty-util-3.0.2.jar;C:\Users\Alexandre Santos\.m2\repository\io\netty\netty-buffer\4.1.32.Final\netty-buffer-4.1.32.Final.jar;C:\Users\Alexandre Santos\.m2\repository\io\netty\netty-common\4.1.32.Final\netty-common-4.1.32.Final.jar;C:\Users\Alexandre Santos\.m2\repository\io\netty\netty-handler\4.1.32.Final\netty-handler-4.1.32.Final.jar;C:\Users\Alexandre Santos\.m2\repository\io\netty\netty-transport\4.1.32.Final\netty-transport-4.1.32.Final.jar;C:\Users\Alexandre Santos\.m2\repository\io\netty\netty-handler-proxy\4.1.32.Final\netty-handler-proxy-4.1.32.Final.jar;C:\Users\Alexandre Santos\.m2\repository\io\netty\netty-codec-socks\4.1.32.Final\netty-codec-socks-4.1.32.Final.jar;C:\Users\Alexandre Santos\.m2\repository\io\netty\netty-resolver-dns\4.1.32.Final\netty-resolver-dns-4.1.32.Final.jar;C:\Users\Alexandre Santos\.m2\repository\io\netty\netty-resolver\4.1.32.Final\netty-resolver-4.1.32.Final.jar;C:\Users\Alexandre Santos\.m2\repository\io\netty\netty-codec-dns\4.1.32.Final\netty-codec-dns-4.1.32.Final.jar;C:\Users\Alexandre Santos\.m2\repository\io\netty\netty-transport-native-epoll\4.1.32.Final\netty-transport-native-epoll-4.1.32.Final-linux-x86_64.jar;C:\Users\Alexandre Santos\.m2\repository\io\netty\netty-transport-native-unix-common\4.1.32.Final\netty-transport-native-unix-common-4.1.32.Final.jar;C:\Users\Alexandre Santos\.m2\repository\io\netty\netty-codec-http2\4.1.32.Final\netty-codec-http2-4.1.32.Final.jar;C:\Users\Alexandre Santos\.m2\repository\io\netty\netty-tcnative-boringssl-static\2.0.20.Final\netty-tcnative-boringssl-static-2.0.20.Final.jar;C:\Users\Alexandre Santos\.m2\repository\com\sun\activation\javax.activation\1.2.0\javax.activation-1.2.0.jar;C:\Users\Alexandre Santos\.m2\repository\com\typesafe\scala-logging\scala-logging_2.12\3.9.0\scala-logging_2.12-3.9.0.jar;C:\Users\Alexandre Santos\.m2\repository\io\gatling\gatling-commons\3.0.2\gatling-commons-3.0.2.jar;C:\Users\Alexandre Santos\.m2\repository\org\scala-lang\scala-reflect\2.12.8\scala-reflect-2.12.8.jar;C:\Users\Alexandre Santos\.m2\repository\com\typesafe\config\1.3.3\config-1.3.3.jar;C:\Users\Alexandre Santos\.m2\repository\com\dongxiguo\fastring_2.12\1.0.0\fastring_2.12-1.0.0.jar;C:\Users\Alexandre Santos\.m2\repository\io\suzaku\boopickle_2.12\1.3.0\boopickle_2.12-1.3.0.jar;C:\Users\Alexandre Santos\.m2\repository\org\typelevel\spire-macros_2.12\0.16.0\spire-macros_2.12-0.16.0.jar;C:\Users\Alexandre Santos\.m2\repository\com\softwaremill\quicklens\quicklens_2.12\1.4.11\quicklens_2.12-1.4.11.jar;C:\Users\Alexandre Santos\.m2\repository\org\scala-lang\modules\scala-java8-compat_2.12\0.9.0\scala-java8-compat_2.12-0.9.0.jar;C:\Users\Alexandre Santos\.m2\repository\com\eatthepath\fast-uuid\0.1\fast-uuid-0.1.jar;C:\Users\Alexandre Santos\.m2\repository\com\intuit\karate\karate-core\0.9.6\karate-core-0.9.6.jar;C:\Users\Alexandre Santos\.m2\repository\com\jayway\jsonpath\json-path\2.4.0\json-path-2.4.0.jar;C:\Users\Alexandre Santos\.m2\repository\net\minidev\json-smart\2.3\json-smart-2.3.jar;C:\Users\Alexandre Santos\.m2\repository\net\minidev\accessors-smart\1.2\accessors-smart-1.2.jar;C:\Users\Alexandre Santos\.m2\repository\org\ow2\asm\asm\5.0.4\asm-5.0.4.jar;C:\Users\Alexandre Santos\.m2\repository\info\cukes\cucumber-java\1.2.5\cucumber-java-1.2.5.jar;C:\Users\Alexandre Santos\.m2\repository\info\cukes\cucumber-core\1.2.5\cucumber-core-1.2.5.jar;C:\Users\Alexandre Santos\.m2\repository\org\yaml\snakeyaml\1.24\snakeyaml-1.24.jar;C:\Users\Alexandre Santos\.m2\repository\de\siegmar\fastcsv\1.0.3\fastcsv-1.0.3.jar;C:\Users\Alexandre Santos\.m2\repository\info\picocli\picocli\4.0.3\picocli-4.0.3.jar;C:\Users\Alexandre Santos\.m2\repository\io\cucumber\gherkin\5.1.0\gherkin-5.1.0.jar;C:\Users\Alexandre Santos\.m2\repository\io\cucumber\gherkin-jvm-deps\1.0.4\gherkin-jvm-deps-1.0.4.jar;C:\Users\Alexandre Santos\.m2\repository\com\google\code\gson\gson\2.8.6\gson-2.8.6.jar;"/>
    <property name="java.vm.vendor" value="Oracle Corporation"/>
    <property name="sun.arch.data.model" value="64"/>
    <property name="karate.env" value="uat"/>
    <property name="user.variant" value=""/>
    <property name="java.vendor.url" value="https://openjdk.java.net/"/>
    <property name="user.timezone" value="America/Sao_Paulo"/>
    <property name="java.vm.specification.version" value="11"/>
    <property name="os.name" value="Windows 10"/>
    <property name="sun.java.launcher" value="SUN_STANDARD"/>
    <property name="user.country" value="BR"/>
    <property name="sun.boot.library.path" value="C:\Program Files\Java\jdk-11.0.10\bin"/>
    <property name="sun.java.command" value="C:\Users\ALEXAN~1\AppData\Local\Temp\surefire11101396090327215949\surefirebooter8357951372185900908.jar C:\Users\Alexandre Santos\AppData\Local\Temp\surefire11101396090327215949 2021-08-11T09-52-39_539-jvmRun1 surefire8881621710465657183tmp surefire_02339474709262131519tmp"/>
    <property name="jdk.debug" value="release"/>
    <property name="surefire.test.class.path" value="C:\Users\Alexandre Santos\Desktop\Nova pasta\desafio-api\target\test-classes;C:\Users\Alexandre Santos\Desktop\Nova pasta\desafio-api\target\classes;C:\Users\Alexandre Santos\.m2\repository\com\intuit\karate\karate-apache\0.9.6\karate-apache-0.9.6.jar;C:\Users\Alexandre Santos\.m2\repository\org\apache\httpcomponents\httpclient\4.5.12\httpclient-4.5.12.jar;C:\Users\Alexandre Santos\.m2\repository\org\apache\httpcomponents\httpcore\4.4.13\httpcore-4.4.13.jar;C:\Users\Alexandre Santos\.m2\repository\commons-codec\commons-codec\1.11\commons-codec-1.11.jar;C:\Users\Alexandre Santos\.m2\repository\org\apache\httpcomponents\httpmime\4.5.12\httpmime-4.5.12.jar;C:\Users\Alexandre Santos\.m2\repository\org\slf4j\jcl-over-slf4j\1.7.25\jcl-over-slf4j-1.7.25.jar;C:\Users\Alexandre Santos\.m2\repository\org\slf4j\slf4j-api\1.7.25\slf4j-api-1.7.25.jar;C:\Users\Alexandre Santos\.m2\repository\ch\qos\logback\logback-classic\1.2.3\logback-classic-1.2.3.jar;C:\Users\Alexandre Santos\.m2\repository\ch\qos\logback\logback-core\1.2.3\logback-core-1.2.3.jar;C:\Users\Alexandre Santos\.m2\repository\com\intuit\karate\karate-junit5\0.9.6\karate-junit5-0.9.6.jar;C:\Users\Alexandre Santos\.m2\repository\org\junit\jupiter\junit-jupiter-api\5.5.0\junit-jupiter-api-5.5.0.jar;C:\Users\Alexandre Santos\.m2\repository\org\apiguardian\apiguardian-api\1.1.0\apiguardian-api-1.1.0.jar;C:\Users\Alexandre Santos\.m2\repository\org\opentest4j\opentest4j\1.2.0\opentest4j-1.2.0.jar;C:\Users\Alexandre Santos\.m2\repository\org\junit\platform\junit-platform-commons\1.5.0\junit-platform-commons-1.5.0.jar;C:\Users\Alexandre Santos\.m2\repository\org\junit\jupiter\junit-jupiter-engine\5.5.0\junit-jupiter-engine-5.5.0.jar;C:\Users\Alexandre Santos\.m2\repository\org\junit\platform\junit-platform-engine\1.5.0\junit-platform-engine-1.5.0.jar;C:\Users\Alexandre Santos\.m2\repository\com\github\javafaker\javafaker\1.0.2\javafaker-1.0.2.jar;C:\Users\Alexandre Santos\.m2\repository\org\apache\commons\commons-lang3\3.5\commons-lang3-3.5.jar;C:\Users\Alexandre Santos\.m2\repository\org\yaml\snakeyaml\1.23\snakeyaml-1.23-android.jar;C:\Users\Alexandre Santos\.m2\repository\com\github\mifmif\generex\1.0.2\generex-1.0.2.jar;C:\Users\Alexandre Santos\.m2\repository\dk\brics\automaton\automaton\1.11-8\automaton-1.11-8.jar;C:\Users\Alexandre Santos\.m2\repository\net\masterthought\cucumber-reporting\5.5.2\cucumber-reporting-5.5.2.jar;C:\Users\Alexandre Santos\.m2\repository\com\fasterxml\jackson\core\jackson-databind\2.12.1\jackson-databind-2.12.1.jar;C:\Users\Alexandre Santos\.m2\repository\com\fasterxml\jackson\core\jackson-annotations\2.12.1\jackson-annotations-2.12.1.jar;C:\Users\Alexandre Santos\.m2\repository\com\fasterxml\jackson\core\jackson-core\2.12.1\jackson-core-2.12.1.jar;C:\Users\Alexandre Santos\.m2\repository\com\fasterxml\jackson\datatype\jackson-datatype-jsr310\2.12.1\jackson-datatype-jsr310-2.12.1.jar;C:\Users\Alexandre Santos\.m2\repository\org\apache\velocity\velocity-engine-core\2.2\velocity-engine-core-2.2.jar;C:\Users\Alexandre Santos\.m2\repository\commons-collections\commons-collections\3.2.2\commons-collections-3.2.2.jar;C:\Users\Alexandre Santos\.m2\repository\joda-time\joda-time\2.10.9\joda-time-2.10.9.jar;C:\Users\Alexandre Santos\.m2\repository\commons-io\commons-io\2.6\commons-io-2.6.jar;C:\Users\Alexandre Santos\.m2\repository\org\codehaus\plexus\plexus-utils\3.3.0\plexus-utils-3.3.0.jar;C:\Users\Alexandre Santos\.m2\repository\org\jsoup\jsoup\1.13.1\jsoup-1.13.1.jar;C:\Users\Alexandre Santos\.m2\repository\com\googlecode\owasp-java-html-sanitizer\owasp-java-html-sanitizer\20200713.1\owasp-java-html-sanitizer-20200713.1.jar;C:\Users\Alexandre Santos\.m2\repository\com\google\guava\guava\27.1-jre\guava-27.1-jre.jar;C:\Users\Alexandre Santos\.m2\repository\com\google\guava\failureaccess\1.0.1\failureaccess-1.0.1.jar;C:\Users\Alexandre Santos\.m2\repository\com\google\guava\listenablefuture\9999.0-empty-to-avoid-conflict-with-guava\listenablefuture-9999.0-empty-to-avoid-conflict-with-guava.jar;C:\Users\Alexandre Santos\.m2\repository\com\google\code\findbugs\jsr305\3.0.2\jsr305-3.0.2.jar;C:\Users\Alexandre Santos\.m2\repository\org\checkerframework\checker-qual\2.5.2\checker-qual-2.5.2.jar;C:\Users\Alexandre Santos\.m2\repository\com\google\errorprone\error_prone_annotations\2.2.0\error_prone_annotations-2.2.0.jar;C:\Users\Alexandre Santos\.m2\repository\com\google\j2objc\j2objc-annotations\1.1\j2objc-annotations-1.1.jar;C:\Users\Alexandre Santos\.m2\repository\org\codehaus\mojo\animal-sniffer-annotations\1.17\animal-sniffer-annotations-1.17.jar;C:\Users\Alexandre Santos\.m2\repository\commons-configuration\commons-configuration\1.10\commons-configuration-1.10.jar;C:\Users\Alexandre Santos\.m2\repository\commons-lang\commons-lang\2.6\commons-lang-2.6.jar;C:\Users\Alexandre Santos\.m2\repository\commons-logging\commons-logging\1.1.1\commons-logging-1.1.1.jar;C:\Users\Alexandre Santos\.m2\repository\com\intuit\karate\karate-gatling\0.9.6\karate-gatling-0.9.6.jar;C:\Users\Alexandre Santos\.m2\repository\io\gatling\highcharts\gatling-charts-highcharts\3.0.2\gatling-charts-highcharts-3.0.2.jar;C:\Users\Alexandre Santos\.m2\repository\org\scala-lang\scala-library\2.12.8\scala-library-2.12.8.jar;C:\Users\Alexandre Santos\.m2\repository\io\gatling\gatling-charts\3.0.2\gatling-charts-3.0.2.jar;C:\Users\Alexandre Santos\.m2\repository\io\gatling\gatling-core\3.0.2\gatling-core-3.0.2.jar;C:\Users\Alexandre Santos\.m2\repository\com\typesafe\akka\akka-slf4j_2.12\2.5.19\akka-slf4j_2.12-2.5.19.jar;C:\Users\Alexandre Santos\.m2\repository\org\simpleflatmapper\lightning-csv\6.0.13\lightning-csv-6.0.13.jar;C:\Users\Alexandre Santos\.m2\repository\org\simpleflatmapper\sfm-util\6.0.13\sfm-util-6.0.13-jdk9.jar;C:\Users\Alexandre Santos\.m2\repository\org\simpleflatmapper\sfm-util\6.0.13\sfm-util-6.0.13.jar;C:\Users\Alexandre Santos\.m2\repository\com\github\ben-manes\caffeine\caffeine\2.6.2\caffeine-2.6.2.jar;C:\Users\Alexandre Santos\.m2\repository\io\pebbletemplates\pebble\3.0.6\pebble-3.0.6.jar;C:\Users\Alexandre Santos\.m2\repository\org\unbescape\unbescape\1.1.6.RELEASE\unbescape-1.1.6.RELEASE.jar;C:\Users\Alexandre Santos\.m2\repository\org\scala-lang\modules\scala-parser-combinators_2.12\1.1.1\scala-parser-combinators_2.12-1.1.1.jar;C:\Users\Alexandre Santos\.m2\repository\com\github\scopt\scopt_2.12\3.7.1\scopt_2.12-3.7.1.jar;C:\Users\Alexandre Santos\.m2\repository\io\gatling\jsonpath_2.12\0.6.14\jsonpath_2.12-0.6.14.jar;C:\Users\Alexandre Santos\.m2\repository\org\jodd\jodd-json\5.0.6\jodd-json-5.0.6.jar;C:\Users\Alexandre Santos\.m2\repository\org\jodd\jodd-bean\5.0.6\jodd-bean-5.0.6.jar;C:\Users\Alexandre Santos\.m2\repository\org\jodd\jodd-core\5.0.6\jodd-core-5.0.6.jar;C:\Users\Alexandre Santos\.m2\repository\net\sf\saxon\Saxon-HE\9.9.0-2\Saxon-HE-9.9.0-2.jar;C:\Users\Alexandre Santos\.m2\repository\org\jodd\jodd-lagarto\5.0.6\jodd-lagarto-5.0.6.jar;C:\Users\Alexandre Santos\.m2\repository\org\jodd\jodd-log\5.0.6\jodd-log-5.0.6.jar;C:\Users\Alexandre Santos\.m2\repository\com\tdunning\t-digest\3.1\t-digest-3.1.jar;C:\Users\Alexandre Santos\.m2\repository\io\gatling\gatling-app\3.0.2\gatling-app-3.0.2.jar;C:\Users\Alexandre Santos\.m2\repository\io\gatling\gatling-http\3.0.2\gatling-http-3.0.2.jar;C:\Users\Alexandre Santos\.m2\repository\org\scala-lang\modules\scala-xml_2.12\1.1.1\scala-xml_2.12-1.1.1.jar;C:\Users\Alexandre Santos\.m2\repository\io\gatling\gatling-jms\3.0.2\gatling-jms-3.0.2.jar;C:\Users\Alexandre Santos\.m2\repository\org\apache\geronimo\specs\geronimo-jms_1.1_spec\1.1.1\geronimo-jms_1.1_spec-1.1.1.jar;C:\Users\Alexandre Santos\.m2\repository\io\gatling\gatling-jdbc\3.0.2\gatling-jdbc-3.0.2.jar;C:\Users\Alexandre Santos\.m2\repository\io\gatling\gatling-redis\3.0.2\gatling-redis-3.0.2.jar;C:\Users\Alexandre Santos\.m2\repository\net\debasishg\redisclient_2.12\3.7\redisclient_2.12-3.7.jar;C:\Users\Alexandre Santos\.m2\repository\commons-pool\commons-pool\1.6\commons-pool-1.6.jar;C:\Users\Alexandre Santos\.m2\repository\io\gatling\gatling-graphite\3.0.2\gatling-graphite-3.0.2.jar;C:\Users\Alexandre Santos\.m2\repository\org\hdrhistogram\HdrHistogram\2.1.10\HdrHistogram-2.1.10.jar;C:\Users\Alexandre Santos\.m2\repository\io\gatling\gatling-recorder\3.0.2\gatling-recorder-3.0.2.jar;C:\Users\Alexandre Santos\.m2\repository\org\scala-lang\modules\scala-swing_2.12\2.0.3\scala-swing_2.12-2.0.3.jar;C:\Users\Alexandre Santos\.m2\repository\org\json4s\json4s-jackson_2.12\3.6.2\json4s-jackson_2.12-3.6.2.jar;C:\Users\Alexandre Santos\.m2\repository\org\json4s\json4s-core_2.12\3.6.2\json4s-core_2.12-3.6.2.jar;C:\Users\Alexandre Santos\.m2\repository\org\json4s\json4s-ast_2.12\3.6.2\json4s-ast_2.12-3.6.2.jar;C:\Users\Alexandre Santos\.m2\repository\org\json4s\json4s-scalap_2.12\3.6.2\json4s-scalap_2.12-3.6.2.jar;C:\Users\Alexandre Santos\.m2\repository\com\thoughtworks\paranamer\paranamer\2.8\paranamer-2.8.jar;C:\Users\Alexandre Santos\.m2\repository\org\bouncycastle\bcpkix-jdk15on\1.60\bcpkix-jdk15on-1.60.jar;C:\Users\Alexandre Santos\.m2\repository\org\bouncycastle\bcprov-jdk15on\1.60\bcprov-jdk15on-1.60.jar;C:\Users\Alexandre Santos\.m2\repository\io\netty\netty-codec-http\4.1.32.Final\netty-codec-http-4.1.32.Final.jar;C:\Users\Alexandre Santos\.m2\repository\io\netty\netty-codec\4.1.32.Final\netty-codec-4.1.32.Final.jar;C:\Users\Alexandre Santos\.m2\repository\com\typesafe\akka\akka-actor_2.12\2.5.19\akka-actor_2.12-2.5.19.jar;C:\Users\Alexandre Santos\.m2\repository\io\gatling\gatling-http-client\3.0.2\gatling-http-client-3.0.2.jar;C:\Users\Alexandre Santos\.m2\repository\io\gatling\gatling-netty-util\3.0.2\gatling-netty-util-3.0.2.jar;C:\Users\Alexandre Santos\.m2\repository\io\netty\netty-buffer\4.1.32.Final\netty-buffer-4.1.32.Final.jar;C:\Users\Alexandre Santos\.m2\repository\io\netty\netty-common\4.1.32.Final\netty-common-4.1.32.Final.jar;C:\Users\Alexandre Santos\.m2\repository\io\netty\netty-handler\4.1.32.Final\netty-handler-4.1.32.Final.jar;C:\Users\Alexandre Santos\.m2\repository\io\netty\netty-transport\4.1.32.Final\netty-transport-4.1.32.Final.jar;C:\Users\Alexandre Santos\.m2\repository\io\netty\netty-handler-proxy\4.1.32.Final\netty-handler-proxy-4.1.32.Final.jar;C:\Users\Alexandre Santos\.m2\repository\io\netty\netty-codec-socks\4.1.32.Final\netty-codec-socks-4.1.32.Final.jar;C:\Users\Alexandre Santos\.m2\repository\io\netty\netty-resolver-dns\4.1.32.Final\netty-resolver-dns-4.1.32.Final.jar;C:\Users\Alexandre Santos\.m2\repository\io\netty\netty-resolver\4.1.32.Final\netty-resolver-4.1.32.Final.jar;C:\Users\Alexandre Santos\.m2\repository\io\netty\netty-codec-dns\4.1.32.Final\netty-codec-dns-4.1.32.Final.jar;C:\Users\Alexandre Santos\.m2\repository\io\netty\netty-transport-native-epoll\4.1.32.Final\netty-transport-native-epoll-4.1.32.Final-linux-x86_64.jar;C:\Users\Alexandre Santos\.m2\repository\io\netty\netty-transport-native-unix-common\4.1.32.Final\netty-transport-native-unix-common-4.1.32.Final.jar;C:\Users\Alexandre Santos\.m2\repository\io\netty\netty-codec-http2\4.1.32.Final\netty-codec-http2-4.1.32.Final.jar;C:\Users\Alexandre Santos\.m2\repository\io\netty\netty-tcnative-boringssl-static\2.0.20.Final\netty-tcnative-boringssl-static-2.0.20.Final.jar;C:\Users\Alexandre Santos\.m2\repository\com\sun\activation\javax.activation\1.2.0\javax.activation-1.2.0.jar;C:\Users\Alexandre Santos\.m2\repository\com\typesafe\scala-logging\scala-logging_2.12\3.9.0\scala-logging_2.12-3.9.0.jar;C:\Users\Alexandre Santos\.m2\repository\io\gatling\gatling-commons\3.0.2\gatling-commons-3.0.2.jar;C:\Users\Alexandre Santos\.m2\repository\org\scala-lang\scala-reflect\2.12.8\scala-reflect-2.12.8.jar;C:\Users\Alexandre Santos\.m2\repository\com\typesafe\config\1.3.3\config-1.3.3.jar;C:\Users\Alexandre Santos\.m2\repository\com\dongxiguo\fastring_2.12\1.0.0\fastring_2.12-1.0.0.jar;C:\Users\Alexandre Santos\.m2\repository\io\suzaku\boopickle_2.12\1.3.0\boopickle_2.12-1.3.0.jar;C:\Users\Alexandre Santos\.m2\repository\org\typelevel\spire-macros_2.12\0.16.0\spire-macros_2.12-0.16.0.jar;C:\Users\Alexandre Santos\.m2\repository\com\softwaremill\quicklens\quicklens_2.12\1.4.11\quicklens_2.12-1.4.11.jar;C:\Users\Alexandre Santos\.m2\repository\org\scala-lang\modules\scala-java8-compat_2.12\0.9.0\scala-java8-compat_2.12-0.9.0.jar;C:\Users\Alexandre Santos\.m2\repository\com\eatthepath\fast-uuid\0.1\fast-uuid-0.1.jar;C:\Users\Alexandre Santos\.m2\repository\com\intuit\karate\karate-core\0.9.6\karate-core-0.9.6.jar;C:\Users\Alexandre Santos\.m2\repository\com\jayway\jsonpath\json-path\2.4.0\json-path-2.4.0.jar;C:\Users\Alexandre Santos\.m2\repository\net\minidev\json-smart\2.3\json-smart-2.3.jar;C:\Users\Alexandre Santos\.m2\repository\net\minidev\accessors-smart\1.2\accessors-smart-1.2.jar;C:\Users\Alexandre Santos\.m2\repository\org\ow2\asm\asm\5.0.4\asm-5.0.4.jar;C:\Users\Alexandre Santos\.m2\repository\info\cukes\cucumber-java\1.2.5\cucumber-java-1.2.5.jar;C:\Users\Alexandre Santos\.m2\repository\info\cukes\cucumber-core\1.2.5\cucumber-core-1.2.5.jar;C:\Users\Alexandre Santos\.m2\repository\org\yaml\snakeyaml\1.24\snakeyaml-1.24.jar;C:\Users\Alexandre Santos\.m2\repository\de\siegmar\fastcsv\1.0.3\fastcsv-1.0.3.jar;C:\Users\Alexandre Santos\.m2\repository\info\picocli\picocli\4.0.3\picocli-4.0.3.jar;C:\Users\Alexandre Santos\.m2\repository\io\cucumber\gherkin\5.1.0\gherkin-5.1.0.jar;C:\Users\Alexandre Santos\.m2\repository\io\cucumber\gherkin-jvm-deps\1.0.4\gherkin-jvm-deps-1.0.4.jar;C:\Users\Alexandre Santos\.m2\repository\com\google\code\gson\gson\2.8.6\gson-2.8.6.jar;"/>
    <property name="sun.cpu.endian" value="little"/>
    <property name="user.home" value="C:\Users\Alexandre Santos"/>
    <property name="user.language" value="pt"/>
    <property name="java.specification.vendor" value="Oracle Corporation"/>
    <property name="java.version.date" value="2021-01-19"/>
    <property name="java.home" value="C:\Program Files\Java\jdk-11.0.10"/>
    <property name="file.separator" value="\"/>
    <property name="basedir" value="C:\Users\Alexandre Santos\Desktop\Nova pasta\desafio-api"/>
    <property name="java.vm.compressedOopsMode" value="32-bit"/>
    <property name="line.separator" value="&#10;"/>
    <property name="java.specification.name" value="Java Platform API Specification"/>
    <property name="java.vm.specification.vendor" value="Oracle Corporation"/>
    <property name="java.awt.graphicsenv" value="sun.awt.Win32GraphicsEnvironment"/>
    <property name="karate.options" value="--tags ~@ignore"/>
    <property name="surefire.real.class.path" value="C:\Users\ALEXAN~1\AppData\Local\Temp\surefire11101396090327215949\surefirebooter8357951372185900908.jar"/>
    <property name="user.script" value=""/>
    <property name="sun.management.compiler" value="HotSpot 64-Bit Tiered Compilers"/>
    <property name="java.runtime.version" value="11.0.10+8-LTS-162"/>
    <property name="user.name" value="Alexandre Santos"/>
    <property name="path.separator" value=";"/>
    <property name="os.version" value="10.0"/>
    <property name="java.runtime.name" value="Java(TM) SE Runtime Environment"/>
    <property name="file.encoding" value="Cp1252"/>
    <property name="java.vm.name" value="Java HotSpot(TM) 64-Bit Server VM"/>
    <property name="java.vendor.version" value="18.9"/>
    <property name="localRepository" value="C:\Users\Alexandre Santos\.m2\repository"/>
    <property name="java.vendor.url.bug" value="https://bugreport.java.com/bugreport/"/>
    <property name="java.io.tmpdir" value="C:\Users\ALEXAN~1\AppData\Local\Temp\"/>
    <property name="java.version" value="11.0.10"/>
    <property name="user.dir" value="C:\Users\Alexandre Santos\Desktop\Nova pasta\desafio-api"/>
    <property name="os.arch" value="amd64"/>
    <property name="java.vm.specification.name" value="Java Virtual Machine Specification"/>
    <property name="java.awt.printerjob" value="sun.awt.windows.WPrinterJob"/>
    <property name="sun.os.patch.level" value=""/>
    <property name="java.library.path" value="C:\Program Files\Java\jdk-11.0.10\bin;C:\WINDOWS\Sun\Java\bin;C:\WINDOWS\system32;C:\WINDOWS;C:\Program Files\Common Files\Oracle\Java\javapath;C:\ProgramData\Anaconda3;C:\ProgramData\Anaconda3\Library\mingw-w64\bin;C:\ProgramData\Anaconda3\Library\usr\bin;C:\ProgramData\Anaconda3\Library\bin;C:\ProgramData\Anaconda3\Scripts;C:\Ruby25-x64\bin;C:\Python39\Scripts\;C:\Python39\;C:\Program Files (x86)\Common Files\Oracle\Java\javapath;C:\WINDOWS\system32;C:\WINDOWS;C:\WINDOWS\System32\Wbem;C:\WINDOWS\System32\WindowsPowerShell\v1.0\;C:\WINDOWS\System32\OpenSSH\;C:\Program Files\Java\jdk-11.0.10\bin;C:\Program Files\nodejs\;C:\ProgramData\chocolatey\bin;C:\Windows\System32\;C:\Program Files (x86)\Yarn\bin\;C:\Program Files\Git\cmd;C:\Program Files\Docker\Docker\resources\bin;C:\ProgramData\DockerDesktop\version-bin;C:\Users\Alexandre Santos\AppData\Local\Programs\Python\Python39\Scripts\;C:\Users\Alexandre Santos\AppData\Local\Programs\Python\Python39\;C:\Users\Alexandre Santos\AppData\Local\Microsoft\WindowsApps;C:\Program Files\Java\jdk1.8.0_261\bin;C:\Users\Alexandre Santos\AppData\Roaming\npm;C:\Users\Alexandre Santos\AppData\Local\Programs\Microsoft VS Code\bin;C:\Program Files\JetBrains\PyCharm Community Edition 2020.2.3\bin;C:\usr\local\bin;C:\Users\Alexandre Santos\AppData\Local\Yarn\bin;C:\maven\bin;C:\Program Files\JetBrains\IntelliJ IDEA Community Edition 2020.3.2\bin;."/>
    <property name="java.vendor" value="Oracle Corporation"/>
    <property name="java.vm.info" value="mixed mode"/>
    <property name="java.vm.version" value="11.0.10+8-LTS-162"/>
    <property name="sun.io.unicode.encoding" value="UnicodeLittle"/>
    <property name="java.class.version" value="55.0"/>
    <property name="argLine" value="-Dkarate.env=uat"/>
  </properties>
  <testcase name="runTests" classname="services.RunTest" time="5.575"/>
</testsuite>